[2022-10-10 11:22:22] [DEBUG   ] discord.gateway: Sending "{"op":3,"d":{"activities":[{"type":1,"name":"in 9 servers","url":"https://www.twitch.tv/mynameisjoshes0221","assets":{},"details":"in 9 servers"}],"afk":false,"since":0.0,"status":"streaming"}}" to change status
[2022-10-10 11:22:22] [DEBUG   ] discord.gateway: For Shard ID None: WebSocket Event: {'t': 'PRESENCE_UPDATE', 's': 2735, 'op': 0, 'd': {'user': {'id': '1002430085674049596'}, 'status': 'idle', 'guild_id': '864434261808381952', 'client_status': {'web': 'idle'}, 'activities': [{'type': 0, 'name': '30個群組', 'id': 'ec0b28a579ecb4bd', 'created_at': 1665372142507}]}}
[2022-10-10 11:22:22] [DEBUG   ] discord.client: Dispatching event socket_event_type
[2022-10-10 11:22:22] [DEBUG   ] discord.client: Dispatching event presence_update
[2022-10-10 11:22:23] [DEBUG   ] discord.gateway: For Shard ID None: WebSocket Event: {'t': 'PRESENCE_UPDATE', 's': 2736, 'op': 0, 'd': {'user': {'id': '921673886049910795'}, 'status': 'idle', 'guild_id': '994574050678554624', 'client_status': {'web': 'idle'}, 'activities': [{'url': 'https://discord.gg/AVCWGuuUex', 'type': 3, 'name': '/help | ping 84 ms', 'id': 'ec0b28a579ecb4bd', 'created_at': 1665372142932}]}}
[2022-10-10 11:22:23] [DEBUG   ] discord.client: Dispatching event socket_event_type
[2022-10-10 11:22:23] [DEBUG   ] discord.client: Dispatching event presence_update
[2022-10-10 11:22:23] [DEBUG   ] discord.gateway: For Shard ID None: WebSocket Event: {'t': 'PRESENCE_UPDATE', 's': 2737, 'op': 0, 'd': {'user': {'id': '908353654917054515'}, 'status': 'idle', 'guild_id': '992613573987672085', 'client_status': {'web': 'idle'}, 'activities': [{'type': 0, 'name': '正在服務434個群組', 'id': 'ec0b28a579ecb4bd', 'created_at': 1665372143234}]}}
[2022-10-10 11:22:23] [DEBUG   ] discord.client: Dispatching event socket_event_type
[2022-10-10 11:22:23] [DEBUG   ] discord.client: Dispatching event presence_update
[2022-10-10 11:22:24] [DEBUG   ] discord.gateway: For Shard ID None: WebSocket Event: {'t': 'PRESENCE_UPDATE', 's': 2738, 'op': 0, 'd': {'user': {'id': '934467261924794389'}, 'status': 'online', 'guild_id': '994574050678554624', 'client_status': {'web': 'online'}, 'activities': [{'type': 3, 'name': '┃ Cynosure-MC.com ┃', 'id': 'ec0b28a579ecb4bd', 'created_at': 1665372144440}]}}
[2022-10-10 11:22:24] [DEBUG   ] discord.client: Dispatching event socket_event_type
[2022-10-10 11:22:24] [DEBUG   ] discord.client: Dispatching event presence_update
[2022-10-10 11:22:25] [DEBUG   ] discord.gateway: For Shard ID None: WebSocket Event: {'t': 'PRESENCE_UPDATE', 's': 2739, 'op': 0, 'd': {'user': {'id': '954514286976311327'}, 'status': 'idle', 'guild_id': '992613573987672085', 'client_status': {'desktop': 'idle'}, 'activities': [{'type': 4, 'state': '///哈迪斯超可愛///', 'name': 'Custom Status', 'id': 'custom', 'emoji': {'name': '💗'}, 'created_at': 1665372144920}]}}
[2022-10-10 11:22:25] [DEBUG   ] discord.client: Dispatching event socket_event_type
[2022-10-10 11:22:25] [DEBUG   ] discord.client: Dispatching event presence_update
[2022-10-10 11:22:26] [DEBUG   ] discord.gateway: For Shard ID None: WebSocket Event: {'t': 'PRESENCE_UPDATE', 's': 2740, 'op': 0, 'd': {'user': {'id': '368564364749438987'}, 'status': 'dnd', 'guild_id': '1024300374326251592', 'client_status': {'desktop': 'dnd'}, 'activities': [{'type': 0, 'timestamps': {'start': 1665372145975}, 'name': 'Counter-Strike: Global Offensive', 'id': '7b0e74990cae3b6', 'created_at': 1665372146016, 'application_id': '356875057940791296'}]}}
[2022-10-10 11:22:26] [DEBUG   ] discord.client: Dispatching event socket_event_type
[2022-10-10 11:22:26] [DEBUG   ] discord.client: Dispatching event presence_update
[2022-10-10 11:22:26] [DEBUG   ] discord.gateway: For Shard ID None: WebSocket Event: {'t': 'PRESENCE_UPDATE', 's': 2741, 'op': 0, 'd': {'user': {'id': '987288451110019082'}, 'status': 'online', 'guild_id': '994574050678554624', 'client_status': {'web': 'online'}, 'activities': [{'type': 0, 'name': 'BC BOT Community', 'id': 'ec0b28a579ecb4bd', 'created_at': 1665372146548}]}}
[2022-10-10 11:22:26] [DEBUG   ] discord.client: Dispatching event socket_event_type
[2022-10-10 11:22:26] [DEBUG   ] discord.client: Dispatching event presence_update
[2022-10-10 11:22:26] [DEBUG   ] discord.gateway: For Shard ID None: WebSocket Event: {'t': 'PRESENCE_UPDATE', 's': 2742, 'op': 0, 'd': {'user': {'id': '987288451110019082'}, 'status': 'online', 'guild_id': '898212567636381696', 'client_status': {'web': 'online'}, 'activities': [{'type': 0, 'name': 'BC BOT Community', 'id': 'ec0b28a579ecb4bd', 'created_at': 1665372146548}]}}
[2022-10-10 11:22:26] [DEBUG   ] discord.client: Dispatching event socket_event_type
[2022-10-10 11:22:26] [DEBUG   ] discord.client: Dispatching event presence_update
[2022-10-10 11:22:26] [DEBUG   ] discord.gateway: For Shard ID None: WebSocket Event: {'t': 'PRESENCE_UPDATE', 's': 2743, 'op': 0, 'd': {'user': {'id': '865557698886762546'}, 'status': 'dnd', 'guild_id': '992613573987672085', 'client_status': {'web': 'dnd'}, 'activities': [{'type': 4, 'state': '好好珍惜相遇這個緣分', 'name': 'Custom Status', 'id': 'custom', 'emoji': {'name': 'utonyaHappy', 'id': '1003943153805561907', 'animated': False}, 'created_at': 1665372146702}]}}
[2022-10-10 11:22:26] [DEBUG   ] discord.client: Dispatching event socket_event_type
[2022-10-10 11:22:26] [DEBUG   ] discord.client: Dispatching event presence_update
[2022-10-10 11:22:27] [DEBUG   ] discord.gateway: For Shard ID None: WebSocket Event: {'t': 'PRESENCE_UPDATE', 's': 2744, 'op': 0, 'd': {'user': {'id': '1019623753304506508'}, 'status': 'online', 'guild_id': '992613573987672085', 'client_status': {'web': 'online'}, 'activities': [{'type': 0, 'name': '/help 得到指令清單', 'id': 'ec0b28a579ecb4bd', 'created_at': 1665372146888}]}}
[2022-10-10 11:22:27] [DEBUG   ] discord.client: Dispatching event socket_event_type
[2022-10-10 11:22:27] [DEBUG   ] discord.client: Dispatching event presence_update
[2022-10-10 11:22:27] [DEBUG   ] discord.gateway: For Shard ID None: WebSocket Event: {'t': 'PRESENCE_UPDATE', 's': 2745, 'op': 0, 'd': {'user': {'id': '1002430085674049596'}, 'status': 'idle', 'guild_id': '864434261808381952', 'client_status': {'web': 'idle'}, 'activities': [{'type': 0, 'name': '/help 得到指令清單', 'id': 'ec0b28a579ecb4bd', 'created_at': 1665372147509}]}}
[2022-10-10 11:22:27] [DEBUG   ] discord.client: Dispatching event socket_event_type
[2022-10-10 11:22:27] [DEBUG   ] discord.client: Dispatching event presence_update
[2022-10-10 11:22:28] [DEBUG   ] discord.gateway: For Shard ID None: WebSocket Event: {'t': 'PRESENCE_UPDATE', 's': 2746, 'op': 0, 'd': {'user': {'id': '921673886049910795'}, 'status': 'idle', 'guild_id': '994574050678554624', 'client_status': {'web': 'idle'}, 'activities': [{'url': 'https://discord.gg/AVCWGuuUex', 'type': 3, 'name': '/help | no message intent sad :(', 'id': 'ec0b28a579ecb4bd', 'created_at': 1665372147935}]}}
[2022-10-10 11:22:28] [DEBUG   ] discord.client: Dispatching event socket_event_type
[2022-10-10 11:22:28] [DEBUG   ] discord.client: Dispatching event presence_update
[2022-10-10 11:22:28] [DEBUG   ] discord.gateway: For Shard ID None: WebSocket Event: {'t': 'PRESENCE_UPDATE', 's': 2747, 'op': 0, 'd': {'user': {'id': '908353654917054515'}, 'status': 'idle', 'guild_id': '992613573987672085', 'client_status': {'web': 'idle'}, 'activities': [{'type': 0, 'name': '/help 得到指令清單', 'id': 'ec0b28a579ecb4bd', 'created_at': 1665372148240}]}}
[2022-10-10 11:22:28] [DEBUG   ] discord.client: Dispatching event socket_event_type
[2022-10-10 11:22:28] [DEBUG   ] discord.client: Dispatching event presence_update
[2022-10-10 11:22:29] [INFO    ] discord.client: Cleaning up tasks.
[2022-10-10 11:22:29] [INFO    ] discord.client: Cleaning up after 2 tasks.
[2022-10-10 11:22:29] [INFO    ] discord.client: All tasks finished cancelling.
[2022-10-10 11:22:29] [INFO    ] discord.client: Closing the event loop.
